TN:
SF:/Users/gilwong/Desktop/EntertainmentList/client/src/App.vue
FN:42,(anonymous_1)
FN:51,(anonymous_2)
FN:54,(anonymous_3)
FN:58,(anonymous_4)
FNF:4
FNH:0
FNDA:0,(anonymous_1)
FNDA:0,(anonymous_2)
FNDA:0,(anonymous_3)
FNDA:0,(anonymous_4)
DA:31,0
DA:32,0
DA:33,0
DA:43,0
DA:52,0
DA:54,0
DA:59,0
LF:7
LH:0
BRF:0
BRH:0
end_of_record
TN:
SF:/Users/gilwong/Desktop/EntertainmentList/client/src/ProtectedRoute.js
FN:3,(anonymous_0)
FNF:1
FNH:0
FNDA:0,(anonymous_0)
DA:4,0
DA:5,0
DA:7,0
LF:3
LH:0
BRDA:4,0,0,0
BRDA:4,0,1,0
BRF:2
BRH:0
end_of_record
TN:
SF:/Users/gilwong/Desktop/EntertainmentList/client/src/config.js
FNF:0
FNH:0
DA:1,0
LF:1
LH:0
BRF:0
BRH:0
end_of_record
TN:
SF:/Users/gilwong/Desktop/EntertainmentList/client/src/main.js
FN:15,(anonymous_0)
FN:16,(anonymous_1)
FNF:2
FNH:0
FNDA:0,(anonymous_0)
FNDA:0,(anonymous_1)
DA:8,0
DA:10,0
DA:15,0
DA:17,0
DA:19,0
DA:20,0
LF:6
LH:0
BRDA:19,0,0,0
BRDA:19,0,1,0
BRF:2
BRH:0
end_of_record
TN:
SF:/Users/gilwong/Desktop/EntertainmentList/client/src/router.js
FNF:0
FNH:0
DA:12,0
LF:1
LH:0
BRF:0
BRH:0
end_of_record
TN:
SF:/Users/gilwong/Desktop/EntertainmentList/client/src/components/Auth/Login.vue
FN:77,(anonymous_1)
FN:82,(anonymous_2)
FN:88,(anonymous_3)
FN:92,(anonymous_4)
FN:93,(anonymous_5)
FN:97,(anonymous_6)
FNF:6
FNH:0
FNDA:0,(anonymous_1)
FNDA:0,(anonymous_2)
FNDA:0,(anonymous_3)
FNDA:0,(anonymous_4)
FNDA:0,(anonymous_5)
FNDA:0,(anonymous_6)
DA:71,0
DA:78,0
DA:83,0
DA:84,0
DA:89,0
DA:92,0
DA:93,0
DA:98,0
DA:99,0
LF:9
LH:0
BRDA:78,0,0,0
BRDA:78,0,1,0
BRDA:83,1,0,0
BRDA:83,1,1,0
BRDA:92,2,0,0
BRDA:92,2,1,0
BRDA:93,3,0,0
BRDA:93,3,1,0
BRDA:98,4,0,0
BRDA:98,4,1,0
BRF:10
BRH:0
end_of_record
TN:
SF:/Users/gilwong/Desktop/EntertainmentList/client/src/components/Auth/Register.vue
FN:112,(anonymous_1)
FN:118,(anonymous_2)
FN:125,(anonymous_3)
FN:126,(anonymous_4)
FN:127,(anonymous_5)
FN:131,(anonymous_7)
FN:141,(anonymous_10)
FNF:7
FNH:0
FNDA:0,(anonymous_1)
FNDA:0,(anonymous_2)
FNDA:0,(anonymous_3)
FNDA:0,(anonymous_4)
FNDA:0,(anonymous_5)
FNDA:0,(anonymous_7)
FNDA:0,(anonymous_10)
DA:104,0
DA:113,0
DA:114,0
DA:119,0
DA:125,0
DA:126,0
DA:127,0
DA:131,0
DA:142,0
DA:146,0
LF:10
LH:0
BRDA:113,0,0,0
BRDA:113,0,1,0
BRDA:125,1,0,0
BRDA:125,1,1,0
BRDA:126,2,0,0
BRDA:126,2,1,0
BRDA:127,3,0,0
BRDA:127,3,1,0
BRDA:131,4,0,0
BRDA:131,4,1,0
BRDA:142,5,0,0
BRDA:142,5,1,0
BRDA:142,6,0,0
BRDA:142,6,1,0
BRF:14
BRH:0
end_of_record
TN:
SF:/Users/gilwong/Desktop/EntertainmentList/client/src/components/Home/Home.vue
FN:29,(anonymous_1)
FNF:1
FNH:0
FNDA:0,(anonymous_1)
DA:17,0
DA:19,0
DA:30,0
DA:31,0
LF:4
LH:0
BRDA:30,0,0,0
BRDA:30,0,1,0
BRF:2
BRH:0
end_of_record
TN:
SF:/Users/gilwong/Desktop/EntertainmentList/client/src/components/Movie/Movie.vue
FN:47,(anonymous_1)
FN:51,(anonymous_2)
FN:52,(anonymous_3)
FNF:3
FNH:0
FNDA:0,(anonymous_1)
FNDA:0,(anonymous_2)
FNDA:0,(anonymous_3)
DA:36,0
DA:37,0
DA:48,0
DA:49,0
DA:52,0
LF:5
LH:0
BRF:0
BRH:0
end_of_record
TN:
SF:/Users/gilwong/Desktop/EntertainmentList/client/src/components/Movie/MovieList.vue
FN:27,(anonymous_1)
FN:35,(anonymous_2)
FNF:2
FNH:0
FNDA:0,(anonymous_1)
FNDA:0,(anonymous_2)
DA:16,0
DA:17,0
DA:18,0
DA:28,0
DA:36,0
DA:37,0
DA:40,0
DA:41,0
DA:42,0
LF:9
LH:0
BRDA:28,0,0,0
BRDA:28,0,1,0
BRDA:36,1,0,0
BRDA:36,1,1,0
BRF:4
BRH:0
end_of_record
TN:
SF:/Users/gilwong/Desktop/EntertainmentList/client/src/components/Navigation/Navbar.vue
FN:44,(anonymous_1)
FN:50,(anonymous_2)
FN:55,(anonymous_3)
FNF:3
FNH:1
FNDA:1,(anonymous_1)
FNDA:0,(anonymous_2)
FNDA:0,(anonymous_3)
DA:45,1
DA:46,1
DA:50,0
DA:55,0
DA:59,0
LF:5
LH:2
BRDA:45,0,0,1
BRDA:45,0,1,0
BRF:2
BRH:1
end_of_record
TN:
SF:/Users/gilwong/Desktop/EntertainmentList/client/src/components/Navigation/SideDrawer.vue
FN:27,(anonymous_1)
FN:30,(anonymous_2)
FNF:2
FNH:0
FNDA:0,(anonymous_1)
FNDA:0,(anonymous_2)
DA:28,0
DA:31,0
LF:2
LH:0
BRF:0
BRH:0
end_of_record
TN:
SF:/Users/gilwong/Desktop/EntertainmentList/client/src/graphql/user/userMutations.js
FNF:0
FNH:0
DA:3,0
DA:25,0
LF:2
LH:0
BRF:0
BRH:0
end_of_record
TN:
SF:/Users/gilwong/Desktop/EntertainmentList/client/src/graphql/user/userQueries.js
FNF:0
FNH:0
LF:0
LH:0
BRF:0
BRH:0
end_of_record
TN:
SF:/Users/gilwong/Desktop/EntertainmentList/client/src/plugins/apollo.js
FNF:0
FNH:0
DA:7,0
DA:9,0
DA:12,0
DA:21,0
DA:24,0
DA:29,0
LF:6
LH:0
BRDA:9,0,0,0
BRDA:9,0,1,0
BRDA:16,1,0,0
BRDA:16,1,1,0
BRF:4
BRH:0
end_of_record
TN:
SF:/Users/gilwong/Desktop/EntertainmentList/client/src/plugins/vuetify.js
FNF:0
FNH:0
DA:4,0
LF:1
LH:0
BRF:0
BRH:0
end_of_record
TN:
SF:/Users/gilwong/Desktop/EntertainmentList/client/src/store/store.js
FNF:0
FNH:0
DA:6,0
LF:1
LH:0
BRF:0
BRH:0
end_of_record
TN:
SF:/Users/gilwong/Desktop/EntertainmentList/client/src/store/modules/movies.js
FN:13,(anonymous_0)
FN:14,(anonymous_1)
FN:15,(anonymous_2)
FN:19,(anonymous_3)
FN:30,(anonymous_4)
FN:37,(anonymous_5)
FN:46,(anonymous_6)
FN:47,(anonymous_7)
FN:48,(anonymous_8)
FN:49,(anonymous_9)
FN:50,(anonymous_10)
FNF:11
FNH:0
FNDA:0,(anonymous_0)
FNDA:0,(anonymous_1)
FNDA:0,(anonymous_2)
FNDA:0,(anonymous_3)
FNDA:0,(anonymous_4)
FNDA:0,(anonymous_5)
FNDA:0,(anonymous_6)
FNDA:0,(anonymous_7)
FNDA:0,(anonymous_8)
FNDA:0,(anonymous_9)
FNDA:0,(anonymous_10)
DA:4,0
DA:6,0
DA:12,0
DA:13,0
DA:14,0
DA:15,0
DA:18,0
DA:20,0
DA:22,0
DA:26,0
DA:27,0
DA:31,0
DA:35,0
DA:37,0
DA:38,0
DA:41,0
DA:45,0
DA:46,0
DA:47,0
DA:48,0
DA:49,0
DA:50,0
LF:22
LH:0
BRDA:19,0,0,0
BRF:1
BRH:0
end_of_record
TN:
SF:/Users/gilwong/Desktop/EntertainmentList/client/src/store/modules/user.js
FN:13,(anonymous_0)
FN:14,(anonymous_1)
FN:15,(anonymous_2)
FN:19,(anonymous_3)
FN:33,(anonymous_4)
FN:50,(anonymous_5)
FN:58,(anonymous_6)
FN:59,(anonymous_7)
FN:60,(anonymous_8)
FN:61,(anonymous_9)
FNF:10
FNH:0
FNDA:0,(anonymous_0)
FNDA:0,(anonymous_1)
FNDA:0,(anonymous_2)
FNDA:0,(anonymous_3)
FNDA:0,(anonymous_4)
FNDA:0,(anonymous_5)
FNDA:0,(anonymous_6)
FNDA:0,(anonymous_7)
FNDA:0,(anonymous_8)
FNDA:0,(anonymous_9)
DA:5,0
DA:12,0
DA:13,0
DA:14,0
DA:15,0
DA:18,0
DA:20,0
DA:22,0
DA:23,0
DA:28,0
DA:30,0
DA:34,0
DA:36,0
DA:37,0
DA:42,0
DA:43,0
DA:44,0
DA:45,0
DA:47,0
DA:50,0
DA:57,0
DA:58,0
DA:59,0
DA:60,0
DA:61,0
LF:25
LH:0
BRF:0
BRH:0
end_of_record
